  Array.cpp
C:\Users\Julia\source\repos\OOP\Lab_6.1\Lab_6.1\Array.h(24,7): warning C4290: спецификация исключений C++ игнорируется, кроме случая, когда указывается, что функция не является __declspec(nothrow)
C:\Users\Julia\source\repos\OOP\Lab_6.1\Lab_6.1\Array.h(26,9): warning C4290: спецификация исключений C++ игнорируется, кроме случая, когда указывается, что функция не является __declspec(nothrow)
C:\Users\Julia\source\repos\OOP\Lab_6.1\Lab_6.1\Array.h(27,9): warning C4290: спецификация исключений C++ игнорируется, кроме случая, когда указывается, что функция не является __declspec(nothrow)
C:\Users\Julia\source\repos\OOP\Lab_6.1\Lab_6.1\Array.h(29,9): warning C4290: спецификация исключений C++ игнорируется, кроме случая, когда указывается, что функция не является __declspec(nothrow)
C:\Users\Julia\source\repos\OOP\Lab_6.1\Lab_6.1\Array.h(43,20): warning C4290: спецификация исключений C++ игнорируется, кроме случая, когда указывается, что функция не является __declspec(nothrow)
C:\Users\Julia\source\repos\OOP\Lab_6.1\Lab_6.1\Array.h(45,54): warning C4290: спецификация исключений C++ игнорируется, кроме случая, когда указывается, что функция не является __declspec(nothrow)
C:\Users\Julia\source\repos\OOP\Lab_6.1\Lab_6.1\Array.h(46,66): warning C4290: спецификация исключений C++ игнорируется, кроме случая, когда указывается, что функция не является __declspec(nothrow)
C:\Users\Julia\source\repos\OOP\Lab_6.1\Lab_6.1\Array.h(53,44): warning C4290: спецификация исключений C++ игнорируется, кроме случая, когда указывается, что функция не является __declspec(nothrow)
C:\Users\Julia\source\repos\OOP\Lab_6.1\Lab_6.1\Array.h(62,43): warning C4290: спецификация исключений C++ игнорируется, кроме случая, когда указывается, что функция не является __declspec(nothrow)
C:\Users\Julia\source\repos\OOP\Lab_6.1\Lab_6.1\Array.cpp(8,34): warning C4290: спецификация исключений C++ игнорируется, кроме случая, когда указывается, что функция не является __declspec(nothrow)
C:\Users\Julia\source\repos\OOP\Lab_6.1\Lab_6.1\Array.cpp(18,34): warning C4290: спецификация исключений C++ игнорируется, кроме случая, когда указывается, что функция не является __declspec(nothrow)
C:\Users\Julia\source\repos\OOP\Lab_6.1\Lab_6.1\Array.cpp(32,34): warning C4290: спецификация исключений C++ игнорируется, кроме случая, когда указывается, что функция не является __declspec(nothrow)
C:\Users\Julia\source\repos\OOP\Lab_6.1\Lab_6.1\Array.cpp(45,45): warning C4290: спецификация исключений C++ игнорируется, кроме случая, когда указывается, что функция не является __declspec(nothrow)
C:\Users\Julia\source\repos\OOP\Lab_6.1\Lab_6.1\Array.cpp(72,55): warning C4290: спецификация исключений C++ игнорируется, кроме случая, когда указывается, что функция не является __declspec(nothrow)
C:\Users\Julia\source\repos\OOP\Lab_6.1\Lab_6.1\Array.cpp(78,20): warning C4018: <: несоответствие типов со знаком и без знака
C:\Users\Julia\source\repos\OOP\Lab_6.1\Lab_6.1\Array.cpp(87,72): warning C4290: спецификация исключений C++ игнорируется, кроме случая, когда указывается, что функция не является __declspec(nothrow)
C:\Users\Julia\source\repos\OOP\Lab_6.1\Lab_6.1\Array.cpp(96,19): warning C4290: спецификация исключений C++ игнорируется, кроме случая, когда указывается, что функция не является __declspec(nothrow)
C:\Users\Julia\source\repos\OOP\Lab_6.1\Lab_6.1\Array.cpp(104,54): warning C4290: спецификация исключений C++ игнорируется, кроме случая, когда указывается, что функция не является __declspec(nothrow)
C:\Users\Julia\source\repos\OOP\Lab_6.1\Lab_6.1\Array.cpp(125,20): warning C4018: <: несоответствие типов со знаком и без знака
C:\Users\Julia\source\repos\OOP\Lab_6.1\Lab_6.1\Array.cpp(139,54): warning C4290: спецификация исключений C++ игнорируется, кроме случая, когда указывается, что функция не является __declspec(nothrow)
C:\Users\Julia\source\repos\OOP\Lab_6.1\Lab_6.1\Array.cpp(144,20): warning C4018: <: несоответствие типов со знаком и без знака
C:\Users\Julia\source\repos\OOP\Lab_6.1\Lab_6.1\Array.cpp(153,20): warning C4018: <: несоответствие типов со знаком и без знака
C:\Users\Julia\source\repos\OOP\Lab_6.1\Lab_6.1\Array.cpp(162,20): warning C4018: <: несоответствие типов со знаком и без знака
  Source.cpp
C:\Users\Julia\source\repos\OOP\Lab_6.1\Lab_6.1\Array.h(24,7): warning C4290: спецификация исключений C++ игнорируется, кроме случая, когда указывается, что функция не является __declspec(nothrow)
C:\Users\Julia\source\repos\OOP\Lab_6.1\Lab_6.1\Array.h(26,9): warning C4290: спецификация исключений C++ игнорируется, кроме случая, когда указывается, что функция не является __declspec(nothrow)
C:\Users\Julia\source\repos\OOP\Lab_6.1\Lab_6.1\Array.h(27,9): warning C4290: спецификация исключений C++ игнорируется, кроме случая, когда указывается, что функция не является __declspec(nothrow)
C:\Users\Julia\source\repos\OOP\Lab_6.1\Lab_6.1\Array.h(29,9): warning C4290: спецификация исключений C++ игнорируется, кроме случая, когда указывается, что функция не является __declspec(nothrow)
C:\Users\Julia\source\repos\OOP\Lab_6.1\Lab_6.1\Array.h(43,20): warning C4290: спецификация исключений C++ игнорируется, кроме случая, когда указывается, что функция не является __declspec(nothrow)
C:\Users\Julia\source\repos\OOP\Lab_6.1\Lab_6.1\Array.h(45,54): warning C4290: спецификация исключений C++ игнорируется, кроме случая, когда указывается, что функция не является __declspec(nothrow)
C:\Users\Julia\source\repos\OOP\Lab_6.1\Lab_6.1\Array.h(46,66): warning C4290: спецификация исключений C++ игнорируется, кроме случая, когда указывается, что функция не является __declspec(nothrow)
C:\Users\Julia\source\repos\OOP\Lab_6.1\Lab_6.1\Array.h(53,44): warning C4290: спецификация исключений C++ игнорируется, кроме случая, когда указывается, что функция не является __declspec(nothrow)
C:\Users\Julia\source\repos\OOP\Lab_6.1\Lab_6.1\Array.h(62,43): warning C4290: спецификация исключений C++ игнорируется, кроме случая, когда указывается, что функция не является __declspec(nothrow)
  Создание кода...
  Lab_6.1.vcxproj -> C:\Users\Julia\source\repos\OOP\Lab_6.1\Debug\Lab_6.1.exe
