  Point.cpp
C:\Users\Julia\source\repos\OOP\Lab_5.1B\Lab_5.1B\Point.h(21,7): warning C4290: спецификация исключений C++ игнорируется, кроме случая, когда указывается, что функция не является __declspec(nothrow)
C:\Users\Julia\source\repos\OOP\Lab_5.1B\Lab_5.1B\Point.h(27,46): warning C4290: спецификация исключений C++ игнорируется, кроме случая, когда указывается, что функция не является __declspec(nothrow)
C:\Users\Julia\source\repos\OOP\Lab_5.1B\Lab_5.1B\Point.h(28,46): warning C4290: спецификация исключений C++ игнорируется, кроме случая, когда указывается, что функция не является __declspec(nothrow)
C:\Users\Julia\source\repos\OOP\Lab_5.1B\Lab_5.1B\Point.h(33,76): warning C4290: спецификация исключений C++ игнорируется, кроме случая, когда указывается, что функция не является __declspec(nothrow)
C:\Users\Julia\source\repos\OOP\Lab_5.1B\Lab_5.1B\Point.h(35,40): warning C4290: спецификация исключений C++ игнорируется, кроме случая, когда указывается, что функция не является __declspec(nothrow)
C:\Users\Julia\source\repos\OOP\Lab_5.1B\Lab_5.1B\Point.h(36,40): warning C4290: спецификация исключений C++ игнорируется, кроме случая, когда указывается, что функция не является __declspec(nothrow)
C:\Users\Julia\source\repos\OOP\Lab_5.1B\Lab_5.1B\Point.h(37,42): warning C4290: спецификация исключений C++ игнорируется, кроме случая, когда указывается, что функция не является __declspec(nothrow)
C:\Users\Julia\source\repos\OOP\Lab_5.1B\Lab_5.1B\Point.h(38,42): warning C4290: спецификация исключений C++ игнорируется, кроме случая, когда указывается, что функция не является __declspec(nothrow)
C:\Users\Julia\source\repos\OOP\Lab_5.1B\Lab_5.1B\Point.cpp(11,69): warning C4290: спецификация исключений C++ игнорируется, кроме случая, когда указывается, что функция не является __declspec(nothrow)
C:\Users\Julia\source\repos\OOP\Lab_5.1B\Lab_5.1B\Point.cpp(25,51): warning C4290: спецификация исключений C++ игнорируется, кроме случая, когда указывается, что функция не является __declspec(nothrow)
C:\Users\Julia\source\repos\OOP\Lab_5.1B\Lab_5.1B\Point.cpp(32,51): warning C4290: спецификация исключений C++ игнорируется, кроме случая, когда указывается, что функция не является __declspec(nothrow)
C:\Users\Julia\source\repos\OOP\Lab_5.1B\Lab_5.1B\Point.cpp(55,45): warning C4290: спецификация исключений C++ игнорируется, кроме случая, когда указывается, что функция не является __declspec(nothrow)
C:\Users\Julia\source\repos\OOP\Lab_5.1B\Lab_5.1B\Point.cpp(63,45): warning C4290: спецификация исключений C++ игнорируется, кроме случая, когда указывается, что функция не является __declspec(nothrow)
C:\Users\Julia\source\repos\OOP\Lab_5.1B\Lab_5.1B\Point.cpp(71,47): warning C4290: спецификация исключений C++ игнорируется, кроме случая, когда указывается, что функция не является __declspec(nothrow)
C:\Users\Julia\source\repos\OOP\Lab_5.1B\Lab_5.1B\Point.cpp(80,47): warning C4290: спецификация исключений C++ игнорируется, кроме случая, когда указывается, что функция не является __declspec(nothrow)
C:\Users\Julia\source\repos\OOP\Lab_5.1B\Lab_5.1B\Point.cpp(105,73): warning C4290: спецификация исключений C++ игнорируется, кроме случая, когда указывается, что функция не является __declspec(nothrow)
  Source.cpp
C:\Users\Julia\source\repos\OOP\Lab_5.1B\Lab_5.1B\Point.h(21,7): warning C4290: спецификация исключений C++ игнорируется, кроме случая, когда указывается, что функция не является __declspec(nothrow)
C:\Users\Julia\source\repos\OOP\Lab_5.1B\Lab_5.1B\Point.h(27,46): warning C4290: спецификация исключений C++ игнорируется, кроме случая, когда указывается, что функция не является __declspec(nothrow)
C:\Users\Julia\source\repos\OOP\Lab_5.1B\Lab_5.1B\Point.h(28,46): warning C4290: спецификация исключений C++ игнорируется, кроме случая, когда указывается, что функция не является __declspec(nothrow)
C:\Users\Julia\source\repos\OOP\Lab_5.1B\Lab_5.1B\Point.h(33,76): warning C4290: спецификация исключений C++ игнорируется, кроме случая, когда указывается, что функция не является __declspec(nothrow)
C:\Users\Julia\source\repos\OOP\Lab_5.1B\Lab_5.1B\Point.h(35,40): warning C4290: спецификация исключений C++ игнорируется, кроме случая, когда указывается, что функция не является __declspec(nothrow)
C:\Users\Julia\source\repos\OOP\Lab_5.1B\Lab_5.1B\Point.h(36,40): warning C4290: спецификация исключений C++ игнорируется, кроме случая, когда указывается, что функция не является __declspec(nothrow)
C:\Users\Julia\source\repos\OOP\Lab_5.1B\Lab_5.1B\Point.h(37,42): warning C4290: спецификация исключений C++ игнорируется, кроме случая, когда указывается, что функция не является __declspec(nothrow)
C:\Users\Julia\source\repos\OOP\Lab_5.1B\Lab_5.1B\Point.h(38,42): warning C4290: спецификация исключений C++ игнорируется, кроме случая, когда указывается, что функция не является __declspec(nothrow)
  Создание кода...
  Lab_5.1B.vcxproj -> C:\Users\Julia\source\repos\OOP\Lab_5.1B\Debug\Lab_5.1B.exe
